/*C3*/SET SCHEMA PUBLIC
DISCONNECT
/*C4*/SET SCHEMA PUBLIC
INSERT INTO LABORATORIO VALUES(33,'vanessa','teste',1)
COMMIT
DISCONNECT
/*C5*/SET SCHEMA PUBLIC
DISCONNECT
/*C6*/SET SCHEMA PUBLIC
DISCONNECT
/*C7*/SET SCHEMA PUBLIC
DELETE FROM LABORATORIO WHERE LABORATORIO_ID=32
INSERT INTO LABORATORIO VALUES(32,'ricardo2','teste',0)
COMMIT
DELETE FROM LABORATORIO WHERE LABORATORIO_ID=32
INSERT INTO LABORATORIO VALUES(32,'ricardo23','teste',0)
COMMIT
INSERT INTO LABORATORIO VALUES(34,'LABORATORIO Z','teste',0)
COMMIT
INSERT INTO LABORATORIO VALUES(35,'LABORATORIO Z','teste',0)
COMMIT
DELETE FROM LABORATORIO WHERE LABORATORIO_ID=34
INSERT INTO LABORATORIO VALUES(34,'LABORATORIO Y','teste',0)
COMMIT
DELETE FROM LABORATORIO WHERE LABORATORIO_ID=34
INSERT INTO LABORATORIO VALUES(34,'LABORATORIO Y','teste',0)
COMMIT
DELETE FROM LABORATORIO WHERE LABORATORIO_ID=35
INSERT INTO LABORATORIO VALUES(35,'LABORATORIO f','teste',0)
COMMIT
DELETE FROM LABORATORIO WHERE LABORATORIO_ID=34
INSERT INTO LABORATORIO VALUES(34,'LABORATORIO Ya','teste',0)
COMMIT
DELETE FROM LABORATORIO WHERE LABORATORIO_ID=35
INSERT INTO LABORATORIO VALUES(35,'LABORATORIO fff','teste',0)
COMMIT
DISCONNECT
/*C8*/SET SCHEMA PUBLIC
DISCONNECT
/*C9*/SET SCHEMA PUBLIC
DELETE FROM LABORATORIO WHERE LABORATORIO_ID=32
INSERT INTO LABORATORIO VALUES(32,'ricardo23','teste',2)
COMMIT
DISCONNECT
/*C10*/SET SCHEMA PUBLIC
DISCONNECT
/*C11*/SET SCHEMA PUBLIC
DELETE FROM LABORATORIO WHERE LABORATORIO_ID=32
INSERT INTO LABORATORIO VALUES(32,'lami 1','teste',2)
COMMIT
DELETE FROM LABORATORIO WHERE LABORATORIO_ID=33
INSERT INTO LABORATORIO VALUES(33,'lami 2','teste',1)
COMMIT
INSERT INTO LABORATORIO VALUES(36,'LABORATORIO hextec','testes hextec',0)
COMMIT
INSERT INTO LABORATORIO VALUES(37,'LABORATORIO Z','z',0)
COMMIT
DELETE FROM LABORATORIO WHERE LABORATORIO_ID=37
INSERT INTO LABORATORIO VALUES(37,'LABORATORIO Z','z',2)
COMMIT
INSERT INTO RESERVA VALUES(5,36,'1998-08-17','17:08','17:09','Aula sobre magias hextec','(que campo redundante hein)',0)
COMMIT
DELETE FROM RESERVA WHERE RESERVA_ID=5
COMMIT
INSERT INTO RESERVA VALUES(6,32,'1998-08-17','17:08','17:09','Aula sobre magias hextec','Eletrodin\u00e2mica',0)
COMMIT
